2023-07-27 18:04:21,048 [INFO] - ----->ACITUB.mol2  has been converted to the amber gaff type: ACITUB_g.mol2.
2023-07-27 18:04:21,049 [INFO] - 

2023-07-27 18:04:21,053 [INFO] - ----->The numbers and gaff types of the atoms bonded to the metal atom in the mol2 file:{1: [[2, 'cl'], [3, 'na'], [21, 'cl'], [22, 'na']]} --pd id: [1]
2023-07-27 18:04:21,053 [INFO] - 

2023-07-27 18:04:21,054 [INFO] - step 1: b= [2, 'cl', 3, 'na', 21, 'cl', 22, 'na']
2023-07-27 18:04:21,054 [INFO] - 

2023-07-27 18:04:21,055 [INFO] - step 2 c= ['cl', 'na', 'cl', 'na']
2023-07-27 18:04:21,056 [INFO] - 

2023-07-27 18:04:21,056 [INFO] - step 3: d= [2, 3, 21, 22]
2023-07-27 18:04:21,057 [INFO] - 

2023-07-27 18:04:21,060 [INFO] - 2-1-3 are cis. Angle is: 88.88 derece.
2023-07-27 18:04:21,061 [INFO] - 

2023-07-27 18:04:21,076 [ERROR] - assign_v2.py:188: RuntimeWarning: invalid value encountered in arccos
  angle_rad = np.arccos(dot_product / magnitude_product)

2023-07-27 18:04:21,079 [INFO] - 2-1-22 are cis. Angle is: 91.12 derece.
2023-07-27 18:04:21,080 [INFO] - 

2023-07-27 18:04:21,084 [INFO] - 3-1-21 are cis. Angle is: 91.12 derece.
2023-07-27 18:04:21,084 [INFO] - 

2023-07-27 18:04:21,092 [INFO] - 21-1-22 are cis. Angle is: 88.88 derece.
2023-07-27 18:04:21,092 [INFO] - 

2023-07-27 18:04:21,093 [INFO] - Connections: [(2, 3), (2, 22), (3, 21), (21, 22)]
2023-07-27 18:04:21,093 [INFO] - 

2023-07-27 18:04:21,094 [INFO] - Sequence:
2023-07-27 18:04:21,094 [INFO] -  
2023-07-27 18:04:21,094 [INFO] - [2, 3, 21, 22]
2023-07-27 18:04:21,095 [INFO] - 

2023-07-27 18:04:21,095 [INFO] - step 4: saf= ['c', 'n', 'c', 'n']
2023-07-27 18:04:21,095 [INFO] - 

2023-07-27 18:04:21,096 [INFO] - ----->Atom types according to numbering sytem: ['1c', '2n', '3c', '4n']
2023-07-27 18:04:21,096 [INFO] - 

2023-07-27 18:04:21,096 [INFO] - ----->In your mol2 file these atoms will be replaced: [2, 3, 21, 22]
2023-07-27 18:04:21,097 [INFO] - 

2023-07-27 18:04:21,103 [INFO] - for g.mol2: gaff_sequenced_dict={'2': 'cl', '3': 'na', '21': 'cl', '22': 'na'}
2023-07-27 18:04:21,103 [INFO] - 

2023-07-27 18:04:21,104 [INFO] - for g2.mol2: g2_changes={'2': '1c', '3': '2n', '21': '3c', '22': '4n'}
2023-07-27 18:04:21,105 [INFO] - 

2023-07-27 18:04:21,105 [INFO] - ----->Numbering/GAFF Dictionary:{'1c': 'cl', '2n': 'na', '3c': 'cl', '4n': 'na'}
2023-07-27 18:04:21,106 [INFO] - 

2023-07-27 18:04:21,926 [INFO] - 'parmchk2 -i ACITUB_g.mol2 -f mol2 -o ACITUB_check.dat -pf 2 -a Y' executed successfully.
2023-07-27 18:04:21,927 [INFO] - 

2023-07-27 18:04:22,791 [INFO] - 'parmchk2 -i ACITUB_g2.mol2 -f mol2 -o ACITUB_temp.dat -pf 2 -a Y' executed successfully.
2023-07-27 18:04:22,791 [INFO] - 

2023-07-27 18:04:24,041 [INFO] - ----->List of dihedral parameters that cannot be converted: []
2023-07-27 18:04:24,042 [INFO] - 

2023-07-27 18:04:24,052 [INFO] - ACITUB_vacuum_tleap.txt file created successfully!
2023-07-27 18:04:24,053 [INFO] - 

2023-07-27 18:04:24,058 [INFO] - ACITUB_water_tleap.txt file created successfully!
2023-07-27 18:04:24,059 [INFO] - 

2023-07-27 18:04:25,493 [INFO] - 'ACITUB_water_tleap.txt' executed successfully in tleap!
2023-07-27 18:04:25,494 [INFO] - 

2023-07-27 18:04:26,299 [INFO] - 'ACITUB_vacuum_tleap.txt' executed successfully in tleap!
2023-07-27 18:04:26,299 [INFO] - 

2023-07-27 18:04:26,312 [INFO] - 'ACITUB_g.mol2' moved to 'ACITUB_files/ACITUB_g.mol2'.
2023-07-27 18:04:26,312 [INFO] - 

2023-07-27 18:04:26,323 [INFO] - 'ACITUB_g2.mol2' moved to 'ACITUB_files/ACITUB_g2.mol2'.
2023-07-27 18:04:26,324 [INFO] - 

2023-07-27 18:04:26,334 [INFO] - 'ACITUB_temp.dat' moved to 'ACITUB_files/ACITUB_temp.dat'.
2023-07-27 18:04:26,335 [INFO] - 

2023-07-27 18:04:26,345 [INFO] - 'ACITUB_check.dat' moved to 'ACITUB_files/ACITUB_check.dat'.
2023-07-27 18:04:26,346 [INFO] - 

2023-07-27 18:04:26,356 [INFO] - 'ACITUB.frcmod' moved to 'ACITUB_files/ACITUB.frcmod'.
2023-07-27 18:04:26,357 [INFO] - 

2023-07-27 18:04:26,367 [INFO] - 'ACITUB_vacuum_tleap.txt' moved to 'ACITUB_files/ACITUB_vacuum_tleap.txt'.
2023-07-27 18:04:26,367 [INFO] - 

2023-07-27 18:04:26,378 [INFO] - 'ACITUB_water_tleap.txt' moved to 'ACITUB_files/ACITUB_water_tleap.txt'.
2023-07-27 18:04:26,378 [INFO] - 

2023-07-27 18:04:26,388 [INFO] - 'ACITUB.log' moved to 'ACITUB_files/ACITUB.log'.
2023-07-27 18:04:26,388 [INFO] - 

2023-07-27 18:04:26,397 [INFO] - 'ACITUB.mol2' moved to 'ACITUB_files/ACITUB.mol2'.
2023-07-27 18:04:26,398 [INFO] - 

2023-07-27 18:04:26,407 [INFO] - 'ACITUB_water.top' moved to 'ACITUB_files/ACITUB_water.top'.
2023-07-27 18:04:26,408 [INFO] - 

2023-07-27 18:04:26,416 [INFO] - 'ACITUB_vacuum.top' moved to 'ACITUB_files/ACITUB_vacuum.top'.
2023-07-27 18:04:26,417 [INFO] - 

2023-07-27 18:04:26,425 [INFO] - 'ACITUB_vacuum.crd' moved to 'ACITUB_files/ACITUB_vacuum.crd'.
2023-07-27 18:04:26,426 [INFO] - 

2023-07-27 18:04:26,435 [INFO] - 'ACITUB_water.crd' moved to 'ACITUB_files/ACITUB_water.crd'.
2023-07-27 18:04:26,436 [INFO] - 

2023-07-27 18:04:26,440 [INFO] - 'ANTECHAMBER_AC.AC0' deleted successfully.
2023-07-27 18:04:26,441 [INFO] - 

2023-07-27 18:04:26,444 [INFO] - 'ATOMTYPE.INF' deleted successfully.
2023-07-27 18:04:26,445 [INFO] - 

2023-07-27 18:04:26,446 [INFO] - 'ANTECHAMBER_AC.AC0' does not exist and cannot be deleted.
2023-07-27 18:04:26,447 [INFO] - 

2023-07-27 18:04:26,450 [INFO] - 'ANTECHAMBER_BOND_TYPE.AC' deleted successfully.
2023-07-27 18:04:26,451 [INFO] - 

2023-07-27 18:04:26,455 [INFO] - 'ANTECHAMBER_BOND_TYPE.AC0' deleted successfully.
2023-07-27 18:04:26,455 [INFO] - 

2023-07-27 18:04:26,459 [INFO] - 'ANTECHAMBER.FRCMOD' deleted successfully.
2023-07-27 18:04:26,460 [INFO] - 

2023-07-27 18:04:26,464 [INFO] - 'ANTECHAMBER_AC.AC' deleted successfully.
2023-07-27 18:04:26,464 [INFO] - 

2023-07-27 18:04:26,468 [INFO] - 'leap.log' deleted successfully.
2023-07-27 18:04:26,468 [INFO] - 

2023-07-27 18:04:26,469 [INFO] - **********All processes are finished. Your pd force field file is: ACITUB_files/ACITUB.frcmod. Check the ACITUB_files/ACITUB_vacuum_tleap.txt  and ACITUB_files/ACITUB_water_tleap.txt DO NOT FORGET TO ADD RESP CHARGES INTO YOUR ACITUB_files/ACITUB_g2.mol2 FILE... **************
2023-07-27 18:04:26,469 [INFO] - 

