2023-07-27 18:03:06,506 [INFO] - ----->ABIDIB.mol2  has been converted to the amber gaff type: ABIDIB_g.mol2.
2023-07-27 18:03:06,506 [INFO] - 

2023-07-27 18:03:06,510 [INFO] - ----->The numbers and gaff types of the atoms bonded to the metal atom in the mol2 file:{1: [[2, 'os'], [4, 'nx'], [38, 'os'], [40, 'nx']]} --pd id: [1]
2023-07-27 18:03:06,511 [INFO] - 

2023-07-27 18:03:06,511 [INFO] - step 1: b= [2, 'os', 4, 'nx', 38, 'os', 40, 'nx']
2023-07-27 18:03:06,511 [INFO] - 

2023-07-27 18:03:06,512 [INFO] - step 2 c= ['os', 'nx', 'os', 'nx']
2023-07-27 18:03:06,512 [INFO] - 

2023-07-27 18:03:06,513 [INFO] - step 3: d= [2, 4, 38, 40]
2023-07-27 18:03:06,514 [INFO] - 

2023-07-27 18:03:06,518 [INFO] - 2-1-4 are cis. Angle is: 93.45 derece.
2023-07-27 18:03:06,521 [INFO] - 

2023-07-27 18:03:06,528 [INFO] - 2-1-40 are cis. Angle is: 86.57 derece.
2023-07-27 18:03:06,529 [INFO] - 

2023-07-27 18:03:06,535 [INFO] - 4-1-38 are cis. Angle is: 86.59 derece.
2023-07-27 18:03:06,535 [INFO] - 

2023-07-27 18:03:06,542 [INFO] - 38-1-40 are cis. Angle is: 93.40 derece.
2023-07-27 18:03:06,543 [INFO] - 

2023-07-27 18:03:06,543 [INFO] - Connections: [(2, 4), (2, 40), (4, 38), (38, 40)]
2023-07-27 18:03:06,544 [INFO] - 

2023-07-27 18:03:06,544 [INFO] - Sequence:
2023-07-27 18:03:06,544 [INFO] -  
2023-07-27 18:03:06,545 [INFO] - [2, 4, 38, 40]
2023-07-27 18:03:06,545 [INFO] - 

2023-07-27 18:03:06,547 [INFO] - step 4: saf= ['o', 'n', 'o', 'n']
2023-07-27 18:03:06,548 [INFO] - 

2023-07-27 18:03:06,548 [INFO] - ----->Atom types according to numbering sytem: ['1o', '2n', '3o', '4n']
2023-07-27 18:03:06,549 [INFO] - 

2023-07-27 18:03:06,550 [INFO] - ----->In your mol2 file these atoms will be replaced: [2, 4, 38, 40]
2023-07-27 18:03:06,550 [INFO] - 

2023-07-27 18:03:06,558 [INFO] - for g.mol2: gaff_sequenced_dict={'2': 'os', '4': 'nx', '38': 'os', '40': 'nx'}
2023-07-27 18:03:06,558 [INFO] - 

2023-07-27 18:03:06,559 [INFO] - for g2.mol2: g2_changes={'2': '1o', '4': '2n', '38': '3o', '40': '4n'}
2023-07-27 18:03:06,559 [INFO] - 

2023-07-27 18:03:06,560 [INFO] - ----->Numbering/GAFF Dictionary:{'1o': 'os', '2n': 'nx', '3o': 'os', '4n': 'nx'}
2023-07-27 18:03:06,560 [INFO] - 

2023-07-27 18:03:07,381 [INFO] - 'parmchk2 -i ABIDIB_g.mol2 -f mol2 -o ABIDIB_check.dat -pf 2 -a Y' executed successfully.
2023-07-27 18:03:07,381 [INFO] - 

2023-07-27 18:03:08,207 [INFO] - 'parmchk2 -i ABIDIB_g2.mol2 -f mol2 -o ABIDIB_temp.dat -pf 2 -a Y' executed successfully.
2023-07-27 18:03:08,208 [INFO] - 

2023-07-27 18:03:09,415 [INFO] - ----->List of dihedral parameters that cannot be converted: []
2023-07-27 18:03:09,415 [INFO] - 

2023-07-27 18:03:09,424 [INFO] - ABIDIB_vacuum_tleap.txt file created successfully!
2023-07-27 18:03:09,425 [INFO] - 

2023-07-27 18:03:09,430 [INFO] - ABIDIB_water_tleap.txt file created successfully!
2023-07-27 18:03:09,431 [INFO] - 

2023-07-27 18:03:10,819 [INFO] - 'ABIDIB_water_tleap.txt' executed successfully in tleap!
2023-07-27 18:03:10,820 [INFO] - 

2023-07-27 18:03:11,611 [INFO] - 'ABIDIB_vacuum_tleap.txt' executed successfully in tleap!
2023-07-27 18:03:11,611 [INFO] - 

2023-07-27 18:03:11,623 [INFO] - 'ABIDIB_g.mol2' moved to 'ABIDIB_files/ABIDIB_g.mol2'.
2023-07-27 18:03:11,623 [INFO] - 

2023-07-27 18:03:11,634 [INFO] - 'ABIDIB_g2.mol2' moved to 'ABIDIB_files/ABIDIB_g2.mol2'.
2023-07-27 18:03:11,635 [INFO] - 

2023-07-27 18:03:11,644 [INFO] - 'ABIDIB_temp.dat' moved to 'ABIDIB_files/ABIDIB_temp.dat'.
2023-07-27 18:03:11,645 [INFO] - 

2023-07-27 18:03:11,656 [INFO] - 'ABIDIB_check.dat' moved to 'ABIDIB_files/ABIDIB_check.dat'.
2023-07-27 18:03:11,656 [INFO] - 

2023-07-27 18:03:11,666 [INFO] - 'ABIDIB.frcmod' moved to 'ABIDIB_files/ABIDIB.frcmod'.
2023-07-27 18:03:11,667 [INFO] - 

2023-07-27 18:03:11,677 [INFO] - 'ABIDIB_vacuum_tleap.txt' moved to 'ABIDIB_files/ABIDIB_vacuum_tleap.txt'.
2023-07-27 18:03:11,678 [INFO] - 

2023-07-27 18:03:11,689 [INFO] - 'ABIDIB_water_tleap.txt' moved to 'ABIDIB_files/ABIDIB_water_tleap.txt'.
2023-07-27 18:03:11,689 [INFO] - 

2023-07-27 18:03:11,698 [INFO] - 'ABIDIB.log' moved to 'ABIDIB_files/ABIDIB.log'.
2023-07-27 18:03:11,698 [INFO] - 

2023-07-27 18:03:11,706 [INFO] - 'ABIDIB.mol2' moved to 'ABIDIB_files/ABIDIB.mol2'.
2023-07-27 18:03:11,706 [INFO] - 

2023-07-27 18:03:11,715 [INFO] - 'ABIDIB_water.top' moved to 'ABIDIB_files/ABIDIB_water.top'.
2023-07-27 18:03:11,716 [INFO] - 

2023-07-27 18:03:11,723 [INFO] - 'ABIDIB_vacuum.top' moved to 'ABIDIB_files/ABIDIB_vacuum.top'.
2023-07-27 18:03:11,724 [INFO] - 

2023-07-27 18:03:11,731 [INFO] - 'ABIDIB_vacuum.crd' moved to 'ABIDIB_files/ABIDIB_vacuum.crd'.
2023-07-27 18:03:11,732 [INFO] - 

2023-07-27 18:03:11,739 [INFO] - 'ABIDIB_water.crd' moved to 'ABIDIB_files/ABIDIB_water.crd'.
2023-07-27 18:03:11,740 [INFO] - 

2023-07-27 18:03:11,743 [INFO] - 'ANTECHAMBER_AC.AC0' deleted successfully.
2023-07-27 18:03:11,743 [INFO] - 

2023-07-27 18:03:11,747 [INFO] - 'ATOMTYPE.INF' deleted successfully.
2023-07-27 18:03:11,747 [INFO] - 

2023-07-27 18:03:11,748 [INFO] - 'ANTECHAMBER_AC.AC0' does not exist and cannot be deleted.
2023-07-27 18:03:11,749 [INFO] - 

2023-07-27 18:03:11,752 [INFO] - 'ANTECHAMBER_BOND_TYPE.AC' deleted successfully.
2023-07-27 18:03:11,752 [INFO] - 

2023-07-27 18:03:11,756 [INFO] - 'ANTECHAMBER_BOND_TYPE.AC0' deleted successfully.
2023-07-27 18:03:11,756 [INFO] - 

2023-07-27 18:03:11,759 [INFO] - 'ANTECHAMBER.FRCMOD' deleted successfully.
2023-07-27 18:03:11,760 [INFO] - 

2023-07-27 18:03:11,763 [INFO] - 'ANTECHAMBER_AC.AC' deleted successfully.
2023-07-27 18:03:11,764 [INFO] - 

2023-07-27 18:03:11,767 [INFO] - 'leap.log' deleted successfully.
2023-07-27 18:03:11,768 [INFO] - 

2023-07-27 18:03:11,768 [INFO] - **********All processes are finished. Your pd force field file is: ABIDIB_files/ABIDIB.frcmod. Check the ABIDIB_files/ABIDIB_vacuum_tleap.txt  and ABIDIB_files/ABIDIB_water_tleap.txt DO NOT FORGET TO ADD RESP CHARGES INTO YOUR ABIDIB_files/ABIDIB_g2.mol2 FILE... **************
2023-07-27 18:03:11,768 [INFO] - 

